2017-02-11 17:39:19 - Action URL: http://poojaessentials.com/demo/index.php
2017-02-11 17:39:19 - Step 1: Redirecting to extension/payment/instamojo/start
2017-02-11 17:39:26 - Step 2: Creating new Order with 8
2017-02-11 17:39:26 - Client Id: Eoxk | Client Secret: 0Q8F | TestMode : 1
2017-02-11 17:39:27 - The Authorization request failed with message 'invalid_client' with 
2017-02-11 17:39:27 - stdClass Object
(
    [error] => invalid_client
)

2017-02-11 17:48:18 - Action URL: http://poojaessentials.com/demo/index.php
2017-02-11 17:48:18 - Step 1: Redirecting to extension/payment/instamojo/start
2017-02-11 17:48:23 - Step 2: Creating new Order with 9
2017-02-11 17:48:23 - Client Id: kFIA | Client Secret: 03rd | TestMode : 1
2017-02-11 17:48:24 - Data Passed for creating Order : Array
(
    [name] => Pooja Essentials
    [email] => selva@creatorswebindia.com
    [phone] => 9003869201
    [amount] => 6
    [currency] => INR
    [redirect_url] => http://poojaessentials.com/demo/index.php?route=extension/payment/instamojo/confirm
    [transaction_id] => 1486835303-9
)

2017-02-11 17:48:25 - Validation Error Occured with following Errors :  with 
2017-02-11 17:48:25 - stdClass Object
(
    [amount] => Array
        (
            [0] => Amount cannot be less than INR 9.00.
        )

)

2017-02-11 17:50:47 - Action URL: http://poojaessentials.com/demo/index.php
2017-02-11 17:50:47 - Step 1: Redirecting to extension/payment/instamojo/start
2017-02-11 17:50:53 - Step 2: Creating new Order with 10
2017-02-11 17:50:53 - Client Id: kFIA | Client Secret: 03rd | TestMode : 1
2017-02-11 17:50:54 - Data Passed for creating Order : Array
(
    [name] => Pooja Essentials
    [email] => selva@creatorswebindia.com
    [phone] => 9003869201
    [amount] => 15
    [currency] => INR
    [redirect_url] => http://poojaessentials.com/demo/index.php?route=extension/payment/instamojo/confirm
    [transaction_id] => 1486835453-10
)

2017-02-11 17:50:55 - Response from ServerstdClass Object
(
    [order] => stdClass Object
        (
            [id] => fb2e80d7d7364caabec437a2bf444eb3
            [transaction_id] => 1486835453-10
            [status] => pending
            [currency] => INR
            [amount] => 15.00
            [name] => Pooja Essentials
            [email] => selva@creatorswebindia.com
            [phone] => +919003869201
            [description] => Instapay
            [redirect_url] => http://poojaessentials.com/demo/index.php?route=extension/payment/instamojo/confirm
            [webhook_url] => 
            [created_at] => 2017-02-11T17:50:55.580755Z
            [resource_uri] => https://test.instamojo.com/v2/gateway/orders/id:fb2e80d7d7364caabec437a2bf444eb3/
        )

    [payment_options] => stdClass Object
        (
            [payment_url] => https://test.instamojo.com/@Creators/fb2e80d7d7364caabec437a2bf444eb3?embed=form
        )

)

2017-02-11 17:53:05 - Action URL: http://poojaessentials.com/demo/index.php
2017-02-11 17:53:05 - Step 1: Redirecting to extension/payment/instamojo/start
2017-02-11 17:53:09 - Step 2: Creating new Order with 11
2017-02-11 17:53:09 - Client Id: kFIA | Client Secret: 03rd | TestMode : 1
2017-02-11 17:53:11 - Data Passed for creating Order : Array
(
    [name] => Pooja Essentials
    [email] => selva@creatorswebindia.com
    [phone] => 9003869201
    [amount] => 15
    [currency] => INR
    [redirect_url] => http://poojaessentials.com/demo/index.php?route=extension/payment/instamojo/confirm
    [transaction_id] => 1486835589-11
)

2017-02-11 17:53:12 - Response from ServerstdClass Object
(
    [order] => stdClass Object
        (
            [id] => be6a1906b5af4b95a0a3d76658ea357d
            [transaction_id] => 1486835589-11
            [status] => pending
            [currency] => INR
            [amount] => 15.00
            [name] => Pooja Essentials
            [email] => selva@creatorswebindia.com
            [phone] => +919003869201
            [description] => Instapay
            [redirect_url] => http://poojaessentials.com/demo/index.php?route=extension/payment/instamojo/confirm
            [webhook_url] => 
            [created_at] => 2017-02-11T17:53:12.565744Z
            [resource_uri] => https://test.instamojo.com/v2/gateway/orders/id:be6a1906b5af4b95a0a3d76658ea357d/
        )

    [payment_options] => stdClass Object
        (
            [payment_url] => https://test.instamojo.com/@Creators/be6a1906b5af4b95a0a3d76658ea357d?embed=form
        )

)

2017-02-11 17:54:39 - Callback called with payment ID: MOJO7211005J34569504 and payment request ID : be6a1906b5af4b95a0a3d76658ea357d 
2017-02-11 17:54:39 - Client Id: kFIA | Client Secret: 03rd | TestMode : 1
2017-02-11 17:54:41 - Response from server for PaymentRequest ID be6a1906b5af4b95a0a3d76658ea357d 
stdClass Object
(
    [id] => be6a1906b5af4b95a0a3d76658ea357d
    [transaction_id] => 1486835589-11
    [status] => completed
    [currency] => INR
    [amount] => 15.00
    [name] => Pooja Essentials
    [email] => selva@creatorswebindia.com
    [phone] => +919003869201
    [description] => Instapay
    [redirect_url] => http://poojaessentials.com/demo/index.php?route=extension/payment/instamojo/confirm
    [webhook_url] => 
    [payments] => Array
        (
            [0] => stdClass Object
                (
                    [id] => MOJO7211005J34569504
                    [status] => successful
                )

        )

    [created_at] => 2017-02-11T17:53:12.565744Z
    [resource_uri] => https://test.instamojo.com/v2/gateway/orders/id:be6a1906b5af4b95a0a3d76658ea357d/
)

2017-02-11 17:54:41 - Payment status for MOJO7211005J34569504 is successful
2017-02-11 17:54:41 - Response from server is successful.
2017-02-11 17:54:41 - Extracted order id from trasaction_id: 11
2017-02-11 17:54:41 - Payment for MOJO7211005J34569504 was credited.
2017-02-11 17:58:55 - Action URL: http://poojaessentials.com/demo/index.php
2017-02-11 17:58:55 - Step 1: Redirecting to extension/payment/instamojo/start
2017-02-11 17:59:00 - Step 2: Creating new Order with 12
2017-02-11 17:59:00 - Client Id: Eoxk | Client Secret: 0Q8F | TestMode : 0
2017-02-11 17:59:01 - Data Passed for creating Order : Array
(
    [name] => Pooja Essentials
    [email] => selva@creatorswebindia.com
    [phone] => 9003869201
    [amount] => 15
    [currency] => INR
    [redirect_url] => http://poojaessentials.com/demo/index.php?route=extension/payment/instamojo/confirm
    [transaction_id] => 1486835940-12
)

2017-02-11 17:59:03 - Response from ServerstdClass Object
(
    [order] => stdClass Object
        (
            [id] => 8b389dd348e54189af7572086cc1d5a8
            [transaction_id] => 1486835940-12
            [status] => pending
            [currency] => INR
            [amount] => 15.00
            [name] => Pooja Essentials
            [email] => selva@creatorswebindia.com
            [phone] => +919003869201
            [description] => Instapay
            [redirect_url] => http://poojaessentials.com/demo/index.php?route=extension/payment/instamojo/confirm
            [webhook_url] => 
            [created_at] => 2017-02-11T17:59:03.042276Z
            [resource_uri] => https://www.instamojo.com/v2/gateway/orders/id:8b389dd348e54189af7572086cc1d5a8/
        )

    [payment_options] => stdClass Object
        (
            [payment_url] => https://www.instamojo.com/@Poojaessentials/8b389dd348e54189af7572086cc1d5a8?embed=form
        )

)

2017-02-20 9:15:44 - Action URL: http://poojaessentials.com/demo/index.php
2017-02-20 9:15:44 - Step 1: Redirecting to extension/payment/instamojo/start
2017-02-20 9:19:24 - Action URL: http://poojaessentials.com/demo/index.php
2017-02-20 9:19:24 - Step 1: Redirecting to extension/payment/instamojo/start
2017-02-20 10:50:56 - Action URL: http://poojaessentials.com/demo/index.php
2017-02-20 10:50:56 - Step 1: Redirecting to extension/payment/instamojo/start
2017-02-20 13:31:51 - Action URL: http://poojaessentials.com/demo/index.php
2017-02-20 13:31:51 - Step 1: Redirecting to extension/payment/instamojo/start
2017-02-23 12:22:17 - Action URL: http://poojaessentials.com/demo/index.php
2017-02-23 12:22:17 - Step 1: Redirecting to extension/payment/instamojo/start
2017-02-23 12:27:56 - Action URL: http://poojaessentials.com/demo/index.php
2017-02-23 12:27:56 - Step 1: Redirecting to extension/payment/instamojo/start
2017-02-23 12:52:33 - Action URL: http://poojaessentials.com/demo/index.php
2017-02-23 12:52:33 - Step 1: Redirecting to extension/payment/instamojo/start
2017-02-24 14:59:34 - Action URL: http://poojaessentials.com/demo/index.php
2017-02-24 14:59:34 - Step 1: Redirecting to extension/payment/instamojo/start
2017-02-24 15:00:29 - Action URL: http://poojaessentials.com/demo/index.php
2017-02-24 15:00:29 - Step 1: Redirecting to extension/payment/instamojo/start
2017-02-24 15:00:31 - Step 2: Creating new Order with 24
2017-02-24 15:00:31 - Client Id: Eoxk | Client Secret: 0Q8F | TestMode : 0
2017-02-24 15:00:32 - Data Passed for creating Order : Array
(
    [name] => Pooja Essentials
    [email] => selva@creatorswebindia.com
    [phone] => 9003869201
    [amount] => 590
    [currency] => INR
    [redirect_url] => http://poojaessentials.com/demo/index.php?route=extension/payment/instamojo/confirm
    [transaction_id] => 1487948431-24
)

2017-02-24 15:00:34 - Response from ServerstdClass Object
(
    [order] => stdClass Object
        (
            [id] => 815e4b0391044dbcbf2537d89b0b39d3
            [transaction_id] => 1487948431-24
            [status] => pending
            [currency] => INR
            [amount] => 590.00
            [name] => Pooja Essentials
            [email] => selva@creatorswebindia.com
            [phone] => +919003869201
            [description] => Instapay
            [redirect_url] => http://poojaessentials.com/demo/index.php?route=extension/payment/instamojo/confirm
            [webhook_url] => 
            [created_at] => 2017-02-24T15:00:34.242560Z
            [resource_uri] => https://www.instamojo.com/v2/gateway/orders/id:815e4b0391044dbcbf2537d89b0b39d3/
        )

    [payment_options] => stdClass Object
        (
            [payment_url] => https://www.instamojo.com/@Poojaessentials/815e4b0391044dbcbf2537d89b0b39d3?embed=form
        )

)

2017-02-24 15:06:31 - Action URL: http://poojaessentials.com/demo/index.php
2017-02-24 15:06:31 - Step 1: Redirecting to extension/payment/instamojo/start
2017-02-24 15:06:34 - Step 2: Creating new Order with 25
2017-02-24 15:06:34 - Client Id: Eoxk | Client Secret: 0Q8F | TestMode : 0
2017-02-24 15:06:35 - Data Passed for creating Order : Array
(
    [name] => Pooja Essentials
    [email] => selva@creatorswebindia.com
    [phone] => 9003869201
    [amount] => 590
    [currency] => INR
    [redirect_url] => http://poojaessentials.com/demo/index.php?route=extension/payment/instamojo/confirm
    [transaction_id] => 1487948794-25
)

2017-02-24 15:06:37 - Response from ServerstdClass Object
(
    [order] => stdClass Object
        (
            [id] => e19c3874089548599a574ee6b3c0ac6f
            [transaction_id] => 1487948794-25
            [status] => pending
            [currency] => INR
            [amount] => 590.00
            [name] => Pooja Essentials
            [email] => selva@creatorswebindia.com
            [phone] => +919003869201
            [description] => Instapay
            [redirect_url] => http://poojaessentials.com/demo/index.php?route=extension/payment/instamojo/confirm
            [webhook_url] => 
            [created_at] => 2017-02-24T15:06:37.203493Z
            [resource_uri] => https://www.instamojo.com/v2/gateway/orders/id:e19c3874089548599a574ee6b3c0ac6f/
        )

    [payment_options] => stdClass Object
        (
            [payment_url] => https://www.instamojo.com/@Poojaessentials/e19c3874089548599a574ee6b3c0ac6f?embed=form
        )

)

2017-02-28 14:51:12 - Action URL: http://poojaessentials.com/demo/index.php
2017-02-28 14:51:12 - Step 1: Redirecting to extension/payment/instamojo/start
2017-02-28 14:51:42 - Step 2: Creating new Order with 30
2017-02-28 14:51:42 - Client Id: Eoxk | Client Secret: 0Q8F | TestMode : 0
2017-02-28 14:51:44 - Data Passed for creating Order : Array
(
    [name] => Hari S
    [email] => hariprasads2004@gmail.com
    [phone] => 9944126667
    [amount] => 75
    [currency] => INR
    [redirect_url] => http://poojaessentials.com/demo/index.php?route=extension/payment/instamojo/confirm
    [transaction_id] => 1488293502-30
)

2017-02-28 14:51:45 - Response from ServerstdClass Object
(
    [order] => stdClass Object
        (
            [id] => 85faa9efd07f4e86a23caced5ee4fecf
            [transaction_id] => 1488293502-30
            [status] => pending
            [currency] => INR
            [amount] => 75.00
            [name] => Hari S
            [email] => hariprasads2004@gmail.com
            [phone] => +919944126667
            [description] => Instapay
            [redirect_url] => http://poojaessentials.com/demo/index.php?route=extension/payment/instamojo/confirm
            [webhook_url] => 
            [created_at] => 2017-02-28T14:51:45.275996Z
            [resource_uri] => https://www.instamojo.com/v2/gateway/orders/id:85faa9efd07f4e86a23caced5ee4fecf/
        )

    [payment_options] => stdClass Object
        (
            [payment_url] => https://www.instamojo.com/@Poojaessentials/85faa9efd07f4e86a23caced5ee4fecf?embed=form
        )

)

2017-02-28 14:53:31 - Callback called with payment ID: MOJO7228005A90125023 and payment request ID : 85faa9efd07f4e86a23caced5ee4fecf 
2017-02-28 14:53:31 - Client Id: Eoxk | Client Secret: 0Q8F | TestMode : 0
2017-02-28 14:53:33 - Response from server for PaymentRequest ID 85faa9efd07f4e86a23caced5ee4fecf 
stdClass Object
(
    [id] => 85faa9efd07f4e86a23caced5ee4fecf
    [transaction_id] => 1488293502-30
    [status] => completed
    [currency] => INR
    [amount] => 75.00
    [name] => Hari S
    [email] => hariprasads2004@gmail.com
    [phone] => +919944126667
    [description] => Instapay
    [redirect_url] => http://poojaessentials.com/demo/index.php?route=extension/payment/instamojo/confirm
    [webhook_url] => 
    [payments] => Array
        (
            [0] => stdClass Object
                (
                    [id] => MOJO7228005A90125023
                    [status] => successful
                )

        )

    [created_at] => 2017-02-28T14:51:45.275996Z
    [resource_uri] => https://www.instamojo.com/v2/gateway/orders/id:85faa9efd07f4e86a23caced5ee4fecf/
)

2017-02-28 14:53:33 - Payment status for MOJO7228005A90125023 is successful
2017-02-28 14:53:33 - Response from server is successful.
2017-02-28 14:53:33 - Extracted order id from trasaction_id: 30
2017-02-28 14:53:33 - Payment for MOJO7228005A90125023 was credited.
2017-03-01 10:18:34 - Action URL: http://poojaessentials.com/demo/index.php
2017-03-01 10:18:34 - Step 1: Redirecting to extension/payment/instamojo/start
2017-03-01 10:20:34 - Action URL: http://poojaessentials.com/demo/index.php
2017-03-01 10:20:34 - Step 1: Redirecting to extension/payment/instamojo/start
2017-03-01 10:20:39 - Step 2: Creating new Order with 32
2017-03-01 10:20:39 - Client Id: Eoxk | Client Secret: 0Q8F | TestMode : 0
2017-03-01 10:20:41 - Data Passed for creating Order : Array
(
    [name] => Rajesh k
    [email] => rajesh@creatorswebindia.com
    [phone] => 7200038738
    [amount] => 2
    [currency] => INR
    [redirect_url] => http://poojaessentials.com/demo/index.php?route=extension/payment/instamojo/confirm
    [transaction_id] => 1488363639-32
)

2017-03-01 10:20:42 - Validation Error Occured with following Errors :  with 
2017-03-01 10:20:42 - stdClass Object
(
    [amount] => Array
        (
            [0] => Amount cannot be less than INR 9.00.
        )

)

2017-03-01 10:22:19 - Step 2: Creating new Order with 32
2017-03-01 10:22:19 - Client Id: Eoxk | Client Secret: 0Q8F | TestMode : 0
2017-03-01 10:22:57 - Data Passed for creating Order : Array
(
    [name] => Rajesh k
    [email] => rajesh@creatorswebindia.com
    [phone] => 7200038738
    [amount] => 2
    [currency] => INR
    [redirect_url] => http://poojaessentials.com/demo/index.php?route=extension/payment/instamojo/confirm
    [transaction_id] => 1488363739-32
)

2017-03-01 10:22:58 - Validation Error Occured with following Errors :  with 
2017-03-01 10:22:58 - stdClass Object
(
    [amount] => Array
        (
            [0] => Amount cannot be less than INR 9.00.
        )

)

2017-03-01 10:23:40 - Step 2: Creating new Order with 32
2017-03-01 10:23:40 - Client Id: Eoxk | Client Secret: 0Q8F | TestMode : 0
2017-03-01 10:23:41 - Data Passed for creating Order : Array
(
    [name] => Rajesh k
    [email] => rajesh@creatorswebindia.com
    [phone] => 7200038738
    [amount] => 2
    [currency] => INR
    [redirect_url] => http://poojaessentials.com/demo/index.php?route=extension/payment/instamojo/confirm
    [transaction_id] => 1488363820-32
)

2017-03-01 10:23:43 - Validation Error Occured with following Errors :  with 
2017-03-01 10:23:43 - stdClass Object
(
    [amount] => Array
        (
            [0] => Amount cannot be less than INR 9.00.
        )

)

2017-03-01 10:24:18 - Action URL: http://poojaessentials.com/demo/index.php
2017-03-01 10:24:18 - Step 1: Redirecting to extension/payment/instamojo/start
2017-03-01 10:24:22 - Step 2: Creating new Order with 33
2017-03-01 10:24:22 - Client Id: Eoxk | Client Secret: 0Q8F | TestMode : 0
2017-03-01 10:24:24 - Data Passed for creating Order : Array
(
    [name] => Rajesh k
    [email] => rajesh@creatorswebindia.com
    [phone] => 7200038738
    [amount] => 10
    [currency] => INR
    [redirect_url] => http://poojaessentials.com/demo/index.php?route=extension/payment/instamojo/confirm
    [transaction_id] => 1488363862-33
)

2017-03-01 10:24:25 - Response from ServerstdClass Object
(
    [order] => stdClass Object
        (
            [id] => 4cfc7f48334d44949e2bc1b4021d7734
            [transaction_id] => 1488363862-33
            [status] => pending
            [currency] => INR
            [amount] => 10.00
            [name] => Rajesh k
            [email] => rajesh@creatorswebindia.com
            [phone] => +917200038738
            [description] => Instapay
            [redirect_url] => http://poojaessentials.com/demo/index.php?route=extension/payment/instamojo/confirm
            [webhook_url] => 
            [created_at] => 2017-03-01T10:24:25.199478Z
            [resource_uri] => https://www.instamojo.com/v2/gateway/orders/id:4cfc7f48334d44949e2bc1b4021d7734/
        )

    [payment_options] => stdClass Object
        (
            [payment_url] => https://www.instamojo.com/@Poojaessentials/4cfc7f48334d44949e2bc1b4021d7734?embed=form
        )

)

2017-03-01 10:29:30 - Callback called with payment ID: MOJO7301005N55578096 and payment request ID : 4cfc7f48334d44949e2bc1b4021d7734 
2017-03-01 10:29:30 - Client Id: Eoxk | Client Secret: 0Q8F | TestMode : 0
2017-03-01 10:29:32 - Response from server for PaymentRequest ID 4cfc7f48334d44949e2bc1b4021d7734 
stdClass Object
(
    [id] => 4cfc7f48334d44949e2bc1b4021d7734
    [transaction_id] => 1488363862-33
    [status] => completed
    [currency] => INR
    [amount] => 10.00
    [name] => Rajesh k
    [email] => rajesh@creatorswebindia.com
    [phone] => +917200038738
    [description] => Instapay
    [redirect_url] => http://poojaessentials.com/demo/index.php?route=extension/payment/instamojo/confirm
    [webhook_url] => 
    [payments] => Array
        (
            [0] => stdClass Object
                (
                    [id] => MOJO7301005N55578096
                    [status] => successful
                )

        )

    [created_at] => 2017-03-01T10:24:25.199478Z
    [resource_uri] => https://www.instamojo.com/v2/gateway/orders/id:4cfc7f48334d44949e2bc1b4021d7734/
)

2017-03-01 10:29:32 - Payment status for MOJO7301005N55578096 is successful
2017-03-01 10:29:32 - Response from server is successful.
2017-03-01 10:29:32 - Extracted order id from trasaction_id: 33
2017-03-01 10:29:32 - Payment for MOJO7301005N55578096 was credited.
2017-03-13 12:59:34 - Action URL: http://poojaessentials.com/demo/index.php
2017-03-13 12:59:34 - Step 1: Redirecting to extension/payment/instamojo/start
2017-04-18 10:48:01 - Action URL: http://poojaessentials.com/demo/index.php
2017-04-18 10:48:01 - Step 1: Redirecting to extension/payment/instamojo/start
2017-04-18 10:48:21 - Step 2: Creating new Order with 35
2017-04-18 10:48:21 - Client Id: Eoxk | Client Secret: 0Q8F | TestMode : 0
2017-04-18 10:48:22 - Data Passed for creating Order : Array
(
    [name] => HARIPRASAD SRINIVASA
    [email] => hariprasads2004@gmail.com
    [phone] => 9944126667
    [amount] => 390
    [currency] => INR
    [redirect_url] => http://poojaessentials.com/demo/index.php?route=extension/payment/instamojo/confirm
    [transaction_id] => 1492512501-35
)

2017-04-18 10:48:23 - Response from ServerstdClass Object
(
    [order] => stdClass Object
        (
            [id] => 3c7df05e4c41432db9db0b7a8363b632
            [transaction_id] => 1492512501-35
            [status] => pending
            [currency] => INR
            [amount] => 390.00
            [name] => HARIPRASAD SRINIVASA
            [email] => hariprasads2004@gmail.com
            [phone] => +919944126667
            [description] => Instapay
            [redirect_url] => http://poojaessentials.com/demo/index.php?route=extension/payment/instamojo/confirm
            [webhook_url] => 
            [created_at] => 2017-04-18T10:48:23.866694Z
            [resource_uri] => https://www.instamojo.com/v2/gateway/orders/id:3c7df05e4c41432db9db0b7a8363b632/
        )

    [payment_options] => stdClass Object
        (
            [payment_url] => https://www.instamojo.com/@Poojaessentials/3c7df05e4c41432db9db0b7a8363b632?embed=form
        )

)

2017-05-01 10:24:54 - Action URL: http://poojaessentials.com/index.php
2017-05-01 10:24:54 - Step 1: Redirecting to extension/payment/instamojo/start
2017-05-01 10:24:58 - Step 2: Creating new Order with 43
2017-05-01 10:24:58 - Client Id: Eoxk | Client Secret: 0Q8F | TestMode : 0
2017-05-01 10:24:59 - Data Passed for creating Order : Array
(
    [name] => Test Test
    [email] => marketing@creatorswebindia.com
    [phone] => 8148224472
    [amount] => 95
    [currency] => INR
    [redirect_url] => http://poojaessentials.com/index.php?route=extension/payment/instamojo/confirm
    [transaction_id] => 1493634298-43
)

2017-05-01 10:25:00 - Response from ServerstdClass Object
(
    [order] => stdClass Object
        (
            [id] => a5a650687b104e26b4daaa1d137dc7cf
            [transaction_id] => 1493634298-43
            [status] => pending
            [currency] => INR
            [amount] => 95.00
            [name] => Test Test
            [email] => marketing@creatorswebindia.com
            [phone] => +918148224472
            [description] => Instapay
            [redirect_url] => http://poojaessentials.com/index.php?route=extension/payment/instamojo/confirm
            [webhook_url] => 
            [created_at] => 2017-05-01T10:25:00.572639Z
            [resource_uri] => https://www.instamojo.com/v2/gateway/orders/id:a5a650687b104e26b4daaa1d137dc7cf/
        )

    [payment_options] => stdClass Object
        (
            [payment_url] => https://www.instamojo.com/@Poojaessentials/a5a650687b104e26b4daaa1d137dc7cf?embed=form
        )

)

2017-05-01 12:06:08 - Action URL: http://poojaessentials.com/index.php
2017-05-01 12:06:08 - Step 1: Redirecting to extension/payment/instamojo/start
2017-05-01 12:06:13 - Step 2: Creating new Order with 44
2017-05-01 12:06:13 - Client Id: Eoxk | Client Secret: 0Q8F | TestMode : 0
2017-05-01 12:06:14 - Data Passed for creating Order : Array
(
    [name] => Rajesh k
    [email] => rajesh@creatorswebindia.com
    [phone] => 7200038738
    [amount] => 10
    [currency] => INR
    [redirect_url] => http://poojaessentials.com/index.php?route=extension/payment/instamojo/confirm
    [transaction_id] => 1493640373-44
)

2017-05-01 12:06:16 - Response from ServerstdClass Object
(
    [order] => stdClass Object
        (
            [id] => 8dc811dfc59e467a845834e8ac2a3d53
            [transaction_id] => 1493640373-44
            [status] => pending
            [currency] => INR
            [amount] => 10.00
            [name] => Rajesh k
            [email] => rajesh@creatorswebindia.com
            [phone] => +917200038738
            [description] => Instapay
            [redirect_url] => http://poojaessentials.com/index.php?route=extension/payment/instamojo/confirm
            [webhook_url] => 
            [created_at] => 2017-05-01T12:06:15.775286Z
            [resource_uri] => https://www.instamojo.com/v2/gateway/orders/id:8dc811dfc59e467a845834e8ac2a3d53/
        )

    [payment_options] => stdClass Object
        (
            [payment_url] => https://www.instamojo.com/@Poojaessentials/8dc811dfc59e467a845834e8ac2a3d53?embed=form
        )

)

2017-05-01 12:07:38 - Callback called with payment ID: MOJO7501005N96461140 and payment request ID : 8dc811dfc59e467a845834e8ac2a3d53 
2017-05-01 12:07:38 - Client Id: Eoxk | Client Secret: 0Q8F | TestMode : 0
2017-05-01 12:07:41 - Response from server for PaymentRequest ID 8dc811dfc59e467a845834e8ac2a3d53 
stdClass Object
(
    [id] => 8dc811dfc59e467a845834e8ac2a3d53
    [transaction_id] => 1493640373-44
    [status] => completed
    [currency] => INR
    [amount] => 10.00
    [name] => Rajesh k
    [email] => rajesh@creatorswebindia.com
    [phone] => +917200038738
    [description] => Instapay
    [redirect_url] => http://poojaessentials.com/index.php?route=extension/payment/instamojo/confirm
    [webhook_url] => 
    [payments] => Array
        (
            [0] => stdClass Object
                (
                    [id] => MOJO7501005N96461140
                    [status] => successful
                )

        )

    [created_at] => 2017-05-01T12:06:15.775286Z
    [resource_uri] => https://www.instamojo.com/v2/gateway/orders/id:8dc811dfc59e467a845834e8ac2a3d53/
)

2017-05-01 12:07:41 - Payment status for MOJO7501005N96461140 is successful
2017-05-01 12:07:41 - Response from server is successful.
2017-05-01 12:07:41 - Extracted order id from trasaction_id: 44
2017-05-01 12:07:41 - Payment for MOJO7501005N96461140 was credited.
2017-05-09 5:17:07 - Action URL: http://poojaessentials.com/index.php
2017-05-09 5:17:07 - Step 1: Redirecting to extension/payment/instamojo/start
2017-05-09 5:17:12 - Step 2: Creating new Order with 46
2017-05-09 5:17:12 - Client Id: Eoxk | Client Secret: 0Q8F | TestMode : 0
2017-05-09 5:17:14 - Data Passed for creating Order : Array
(
    [name] => HARIPRASAD SRINIVASA
    [email] => hariprasads2004@gmail.com
    [phone] => 9944126667
    [amount] => 73
    [currency] => INR
    [redirect_url] => http://poojaessentials.com/index.php?route=extension/payment/instamojo/confirm
    [transaction_id] => 1494307032-46
)

2017-05-09 5:17:15 - Response from ServerstdClass Object
(
    [order] => stdClass Object
        (
            [id] => 0b03f03bad964db0a72559e7241aca94
            [transaction_id] => 1494307032-46
            [status] => pending
            [currency] => INR
            [amount] => 73.00
            [name] => HARIPRASAD SRINIVASA
            [email] => hariprasads2004@gmail.com
            [phone] => +919944126667
            [description] => Instapay
            [redirect_url] => http://poojaessentials.com/index.php?route=extension/payment/instamojo/confirm
            [webhook_url] => 
            [created_at] => 2017-05-09T05:17:15.265104Z
            [resource_uri] => https://www.instamojo.com/v2/gateway/orders/id:0b03f03bad964db0a72559e7241aca94/
        )

    [payment_options] => stdClass Object
        (
            [payment_url] => https://www.instamojo.com/@Poojaessentials/0b03f03bad964db0a72559e7241aca94?embed=form
        )

)

2017-05-09 5:18:30 - Callback called with payment ID: MOJO7509005A30271249 and payment request ID : 0b03f03bad964db0a72559e7241aca94 
2017-05-09 5:18:30 - Client Id: Eoxk | Client Secret: 0Q8F | TestMode : 0
2017-05-09 5:18:33 - Response from server for PaymentRequest ID 0b03f03bad964db0a72559e7241aca94 
stdClass Object
(
    [id] => 0b03f03bad964db0a72559e7241aca94
    [transaction_id] => 1494307032-46
    [status] => completed
    [currency] => INR
    [amount] => 73.00
    [name] => HARIPRASAD SRINIVASA
    [email] => hariprasads2004@gmail.com
    [phone] => +919944126667
    [description] => Instapay
    [redirect_url] => http://poojaessentials.com/index.php?route=extension/payment/instamojo/confirm
    [webhook_url] => 
    [payments] => Array
        (
            [0] => stdClass Object
                (
                    [id] => MOJO7509005A30271249
                    [status] => successful
                )

        )

    [created_at] => 2017-05-09T05:17:15.265104Z
    [resource_uri] => https://www.instamojo.com/v2/gateway/orders/id:0b03f03bad964db0a72559e7241aca94/
)

2017-05-09 5:18:33 - Payment status for MOJO7509005A30271249 is successful
2017-05-09 5:18:33 - Response from server is successful.
2017-05-09 5:18:33 - Extracted order id from trasaction_id: 46
2017-05-09 5:18:33 - Payment for MOJO7509005A30271249 was credited.
2017-05-16 10:08:19 - Action URL: http://poojaessentials.com/index.php
2017-05-16 10:08:19 - Step 1: Redirecting to extension/payment/instamojo/start
2017-05-16 15:35:47 - Action URL: http://poojaessentials.com/index.php
2017-05-16 15:35:47 - Step 1: Redirecting to extension/payment/instamojo/start
2017-05-17 11:39:39 - Action URL: http://poojaessentials.com/index.php
2017-05-17 11:39:39 - Step 1: Redirecting to extension/payment/instamojo/start
2017-05-17 11:40:34 - Action URL: http://poojaessentials.com/index.php
2017-05-17 11:40:34 - Step 1: Redirecting to extension/payment/instamojo/start
2017-05-17 11:43:36 - Action URL: http://poojaessentials.com/index.php
2017-05-17 11:43:36 - Step 1: Redirecting to extension/payment/instamojo/start
2017-05-18 9:11:33 - Action URL: http://poojaessentials.com/index.php
2017-05-18 9:11:33 - Step 1: Redirecting to extension/payment/instamojo/start
2017-05-18 9:11:37 - Step 2: Creating new Order with 54
2017-05-18 9:11:37 - Client Id: Eoxk | Client Secret: 0Q8F | TestMode : 0
2017-05-18 9:11:38 - Data Passed for creating Order : Array
(
    [name] => HARIPRASAD SRINIVASA
    [email] => hariprasads2004@gmail.com
    [phone] => 9944126667
    [amount] => 50
    [currency] => INR
    [redirect_url] => http://poojaessentials.com/index.php?route=extension/payment/instamojo/confirm
    [transaction_id] => 1495098697-54
)

2017-05-18 9:11:41 - Response from ServerstdClass Object
(
    [order] => stdClass Object
        (
            [id] => 9451f1e5b08a49d080971ab490b46485
            [transaction_id] => 1495098697-54
            [status] => pending
            [currency] => INR
            [amount] => 50.00
            [name] => HARIPRASAD SRINIVASA
            [email] => hariprasads2004@gmail.com
            [phone] => +919944126667
            [description] => Instapay
            [redirect_url] => http://poojaessentials.com/index.php?route=extension/payment/instamojo/confirm
            [webhook_url] => 
            [created_at] => 2017-05-18T09:11:41.261118Z
            [resource_uri] => https://www.instamojo.com/v2/gateway/orders/id:9451f1e5b08a49d080971ab490b46485/
        )

    [payment_options] => stdClass Object
        (
            [payment_url] => https://www.instamojo.com/@Poojaessentials/9451f1e5b08a49d080971ab490b46485?embed=form
        )

)

2017-05-19 7:57:36 - Action URL: https://www.poojaessentials.com/index.php
2017-05-19 7:57:36 - Step 1: Redirecting to extension/payment/instamojo/start
2017-05-20 17:27:14 - Action URL: https://www.poojaessentials.com/index.php
2017-05-20 17:27:14 - Step 1: Redirecting to extension/payment/instamojo/start
2017-05-22 3:18:57 - Action URL: https://www.poojaessentials.com/index.php
2017-05-22 3:18:57 - Step 1: Redirecting to extension/payment/instamojo/start
2017-05-23 9:13:55 - Action URL: https://www.poojaessentials.com/index.php
2017-05-23 9:13:55 - Step 1: Redirecting to extension/payment/instamojo/start
2017-05-23 9:15:37 - Step 2: Creating new Order with 64
2017-05-23 9:15:37 - Client Id: Eoxk | Client Secret: 0Q8F | TestMode : 0
2017-05-23 9:15:39 - Data Passed for creating Order : Array
(
    [name] => Shuba Sunderkumar
    [email] => poorni1410@gmail.com
    [phone] => 9840930814
    [amount] => 979.5
    [currency] => INR
    [redirect_url] => https://www.poojaessentials.com/index.php?route=extension/payment/instamojo/confirm
    [transaction_id] => 1495530937-64
)

2017-05-23 9:15:40 - Response from ServerstdClass Object
(
    [order] => stdClass Object
        (
            [id] => d2ab4575361047d1bafb925d524501b9
            [transaction_id] => 1495530937-64
            [status] => pending
            [currency] => INR
            [amount] => 979.50
            [name] => Shuba Sunderkumar
            [email] => poorni1410@gmail.com
            [phone] => +919840930814
            [description] => Instapay
            [redirect_url] => https://www.poojaessentials.com/index.php?route=extension/payment/instamojo/confirm
            [webhook_url] => 
            [created_at] => 2017-05-23T09:15:40.163608Z
            [resource_uri] => https://www.instamojo.com/v2/gateway/orders/id:d2ab4575361047d1bafb925d524501b9/
        )

    [payment_options] => stdClass Object
        (
            [payment_url] => https://www.instamojo.com/@Poojaessentials/d2ab4575361047d1bafb925d524501b9?embed=form
        )

)

2017-05-23 13:38:26 - Action URL: https://www.poojaessentials.com/index.php
2017-05-23 13:38:26 - Step 1: Redirecting to extension/payment/instamojo/start
2017-05-23 13:38:31 - Step 2: Creating new Order with 65
2017-05-23 13:38:31 - Client Id: Eoxk | Client Secret: 0Q8F | TestMode : 0
2017-05-23 13:38:33 - Data Passed for creating Order : Array
(
    [name] => Shuba Sunderkumar
    [email] => poorni1410@gmail.com
    [phone] => 9840930814
    [amount] => 979.5
    [currency] => INR
    [redirect_url] => https://www.poojaessentials.com/index.php?route=extension/payment/instamojo/confirm
    [transaction_id] => 1495546711-65
)

2017-05-23 13:38:34 - Response from ServerstdClass Object
(
    [order] => stdClass Object
        (
            [id] => 02c763c2477c4d3ba0444a34186ca485
            [transaction_id] => 1495546711-65
            [status] => pending
            [currency] => INR
            [amount] => 979.50
            [name] => Shuba Sunderkumar
            [email] => poorni1410@gmail.com
            [phone] => +919840930814
            [description] => Instapay
            [redirect_url] => https://www.poojaessentials.com/index.php?route=extension/payment/instamojo/confirm
            [webhook_url] => 
            [created_at] => 2017-05-23T13:38:34.553997Z
            [resource_uri] => https://www.instamojo.com/v2/gateway/orders/id:02c763c2477c4d3ba0444a34186ca485/
        )

    [payment_options] => stdClass Object
        (
            [payment_url] => https://www.instamojo.com/@Poojaessentials/02c763c2477c4d3ba0444a34186ca485?embed=form
        )

)

2017-05-23 13:40:09 - Callback called with payment ID: MOJO7523005N53968450 and payment request ID : 02c763c2477c4d3ba0444a34186ca485 
2017-05-23 13:40:09 - Client Id: Eoxk | Client Secret: 0Q8F | TestMode : 0
2017-05-23 13:40:12 - Response from server for PaymentRequest ID 02c763c2477c4d3ba0444a34186ca485 
stdClass Object
(
    [id] => 02c763c2477c4d3ba0444a34186ca485
    [transaction_id] => 1495546711-65
    [status] => completed
    [currency] => INR
    [amount] => 979.50
    [name] => Shuba Sunderkumar
    [email] => poorni1410@gmail.com
    [phone] => +919840930814
    [description] => Instapay
    [redirect_url] => https://www.poojaessentials.com/index.php?route=extension/payment/instamojo/confirm
    [webhook_url] => 
    [payments] => Array
        (
            [0] => stdClass Object
                (
                    [id] => MOJO7523005N53968450
                    [status] => successful
                )

        )

    [created_at] => 2017-05-23T13:38:34.553997Z
    [resource_uri] => https://www.instamojo.com/v2/gateway/orders/id:02c763c2477c4d3ba0444a34186ca485/
)

2017-05-23 13:40:12 - Payment status for MOJO7523005N53968450 is successful
2017-05-23 13:40:12 - Response from server is successful.
2017-05-23 13:40:12 - Extracted order id from trasaction_id: 65
2017-05-23 13:40:12 - Payment for MOJO7523005N53968450 was credited.
2017-05-24 3:51:22 - Action URL: https://www.poojaessentials.com/index.php
2017-05-24 3:51:22 - Step 1: Redirecting to extension/payment/instamojo/start
2017-05-24 3:51:25 - Step 2: Creating new Order with 68
2017-05-24 3:51:25 - Client Id: Eoxk | Client Secret: 0Q8F | TestMode : 0
2017-05-24 3:51:27 - Data Passed for creating Order : Array
(
    [name] => HARIPRASAD SRINIVASA
    [email] => hariprasads2004@gmail.com
    [phone] => 9944126667
    [amount] => 20
    [currency] => INR
    [redirect_url] => https://www.poojaessentials.com/index.php?route=extension/payment/instamojo/confirm
    [transaction_id] => 1495597885-68
)

2017-05-24 3:51:28 - Response from ServerstdClass Object
(
    [order] => stdClass Object
        (
            [id] => 785c3d869e31462aa570b06eea5a3222
            [transaction_id] => 1495597885-68
            [status] => pending
            [currency] => INR
            [amount] => 20.00
            [name] => HARIPRASAD SRINIVASA
            [email] => hariprasads2004@gmail.com
            [phone] => +919944126667
            [description] => Instapay
            [redirect_url] => https://www.poojaessentials.com/index.php?route=extension/payment/instamojo/confirm
            [webhook_url] => 
            [created_at] => 2017-05-24T03:51:28.286424Z
            [resource_uri] => https://www.instamojo.com/v2/gateway/orders/id:785c3d869e31462aa570b06eea5a3222/
        )

    [payment_options] => stdClass Object
        (
            [payment_url] => https://www.instamojo.com/@Poojaessentials/785c3d869e31462aa570b06eea5a3222?embed=form
        )

)

2017-05-24 3:52:22 - Callback called with payment ID: MOJO7524005A15528225 and payment request ID : 785c3d869e31462aa570b06eea5a3222 
2017-05-24 3:52:22 - Client Id: Eoxk | Client Secret: 0Q8F | TestMode : 0
2017-05-24 3:52:24 - Response from server for PaymentRequest ID 785c3d869e31462aa570b06eea5a3222 
stdClass Object
(
    [id] => 785c3d869e31462aa570b06eea5a3222
    [transaction_id] => 1495597885-68
    [status] => completed
    [currency] => INR
    [amount] => 20.00
    [name] => HARIPRASAD SRINIVASA
    [email] => hariprasads2004@gmail.com
    [phone] => +919944126667
    [description] => Instapay
    [redirect_url] => https://www.poojaessentials.com/index.php?route=extension/payment/instamojo/confirm
    [webhook_url] => 
    [payments] => Array
        (
            [0] => stdClass Object
                (
                    [id] => MOJO7524005A15528225
                    [status] => successful
                )

        )

    [created_at] => 2017-05-24T03:51:28.286424Z
    [resource_uri] => https://www.instamojo.com/v2/gateway/orders/id:785c3d869e31462aa570b06eea5a3222/
)

2017-05-24 3:52:24 - Payment status for MOJO7524005A15528225 is successful
2017-05-24 3:52:24 - Response from server is successful.
2017-05-24 3:52:24 - Extracted order id from trasaction_id: 68
2017-05-24 3:52:24 - Payment for MOJO7524005A15528225 was credited.
2017-05-24 3:58:37 - Action URL: https://www.poojaessentials.com/index.php
2017-05-24 3:58:37 - Step 1: Redirecting to extension/payment/instamojo/start
2017-05-24 3:58:41 - Step 2: Creating new Order with 69
2017-05-24 3:58:41 - Client Id: Eoxk | Client Secret: 0Q8F | TestMode : 0
2017-05-24 3:58:43 - Data Passed for creating Order : Array
(
    [name] => subramanian k
    [email] => amriqst@gmail.com
    [phone] => 9789056436
    [amount] => 265
    [currency] => INR
    [redirect_url] => https://www.poojaessentials.com/index.php?route=extension/payment/instamojo/confirm
    [transaction_id] => 1495598321-69
)

2017-05-24 3:58:44 - Response from ServerstdClass Object
(
    [order] => stdClass Object
        (
            [id] => eba34e2443104a5ca1152b2ce7bd6dbb
            [transaction_id] => 1495598321-69
            [status] => pending
            [currency] => INR
            [amount] => 265.00
            [name] => subramanian k
            [email] => amriqst@gmail.com
            [phone] => +919789056436
            [description] => Instapay
            [redirect_url] => https://www.poojaessentials.com/index.php?route=extension/payment/instamojo/confirm
            [webhook_url] => 
            [created_at] => 2017-05-24T03:58:44.230568Z
            [resource_uri] => https://www.instamojo.com/v2/gateway/orders/id:eba34e2443104a5ca1152b2ce7bd6dbb/
        )

    [payment_options] => stdClass Object
        (
            [payment_url] => https://www.instamojo.com/@Poojaessentials/eba34e2443104a5ca1152b2ce7bd6dbb?embed=form
        )

)

2017-05-24 3:59:49 - Callback called with payment ID: MOJO7524005A15528445 and payment request ID : eba34e2443104a5ca1152b2ce7bd6dbb 
2017-05-24 3:59:49 - Client Id: Eoxk | Client Secret: 0Q8F | TestMode : 0
2017-05-24 3:59:52 - Response from server for PaymentRequest ID eba34e2443104a5ca1152b2ce7bd6dbb 
stdClass Object
(
    [id] => eba34e2443104a5ca1152b2ce7bd6dbb
    [transaction_id] => 1495598321-69
    [status] => completed
    [currency] => INR
    [amount] => 265.00
    [name] => subramanian k
    [email] => amriqst@gmail.com
    [phone] => +919789056436
    [description] => Instapay
    [redirect_url] => https://www.poojaessentials.com/index.php?route=extension/payment/instamojo/confirm
    [webhook_url] => 
    [payments] => Array
        (
            [0] => stdClass Object
                (
                    [id] => MOJO7524005A15528445
                    [status] => successful
                )

        )

    [created_at] => 2017-05-24T03:58:44.230568Z
    [resource_uri] => https://www.instamojo.com/v2/gateway/orders/id:eba34e2443104a5ca1152b2ce7bd6dbb/
)

2017-05-24 3:59:52 - Payment status for MOJO7524005A15528445 is successful
2017-05-24 3:59:52 - Response from server is successful.
2017-05-24 3:59:52 - Extracted order id from trasaction_id: 69
2017-05-24 3:59:52 - Payment for MOJO7524005A15528445 was credited.
2017-05-25 7:05:48 - Action URL: https://www.poojaessentials.com/index.php
2017-05-25 7:05:48 - Step 1: Redirecting to extension/payment/instamojo/start
2017-05-25 7:05:54 - Step 2: Creating new Order with 72
2017-05-25 7:05:54 - Client Id: Eoxk | Client Secret: 0Q8F | TestMode : 0
2017-05-25 7:05:56 - Data Passed for creating Order : Array
(
    [name] => HARIPRASAD SRINIVASA
    [email] => hariprasads2004@gmail.com
    [phone] => 9944126667
    [amount] => 24
    [currency] => INR
    [redirect_url] => https://www.poojaessentials.com/index.php?route=extension/payment/instamojo/confirm
    [transaction_id] => 1495695954-72
)

2017-05-25 7:05:57 - Response from ServerstdClass Object
(
    [order] => stdClass Object
        (
            [id] => a0175a6de6a6417297d3e6e6c910236d
            [transaction_id] => 1495695954-72
            [status] => pending
            [currency] => INR
            [amount] => 24.00
            [name] => HARIPRASAD SRINIVASA
            [email] => hariprasads2004@gmail.com
            [phone] => +919944126667
            [description] => Instapay
            [redirect_url] => https://www.poojaessentials.com/index.php?route=extension/payment/instamojo/confirm
            [webhook_url] => 
            [created_at] => 2017-05-25T07:05:57.572169Z
            [resource_uri] => https://www.instamojo.com/v2/gateway/orders/id:a0175a6de6a6417297d3e6e6c910236d/
        )

    [payment_options] => stdClass Object
        (
            [payment_url] => https://www.instamojo.com/@Poojaessentials/a0175a6de6a6417297d3e6e6c910236d?embed=form
        )

)

2017-05-25 7:07:16 - Callback called with payment ID: MOJO7525005A28179958 and payment request ID : a0175a6de6a6417297d3e6e6c910236d 
2017-05-25 7:07:16 - Client Id: Eoxk | Client Secret: 0Q8F | TestMode : 0
2017-05-25 7:07:19 - Response from server for PaymentRequest ID a0175a6de6a6417297d3e6e6c910236d 
stdClass Object
(
    [id] => a0175a6de6a6417297d3e6e6c910236d
    [transaction_id] => 1495695954-72
    [status] => completed
    [currency] => INR
    [amount] => 24.00
    [name] => HARIPRASAD SRINIVASA
    [email] => hariprasads2004@gmail.com
    [phone] => +919944126667
    [description] => Instapay
    [redirect_url] => https://www.poojaessentials.com/index.php?route=extension/payment/instamojo/confirm
    [webhook_url] => 
    [payments] => Array
        (
            [0] => stdClass Object
                (
                    [id] => MOJO7525005A28179958
                    [status] => successful
                )

        )

    [created_at] => 2017-05-25T07:05:57.572169Z
    [resource_uri] => https://www.instamojo.com/v2/gateway/orders/id:a0175a6de6a6417297d3e6e6c910236d/
)

2017-05-25 7:07:19 - Payment status for MOJO7525005A28179958 is successful
2017-05-25 7:07:19 - Response from server is successful.
2017-05-25 7:07:19 - Extracted order id from trasaction_id: 72
2017-05-25 7:07:19 - Payment for MOJO7525005A28179958 was credited.
2017-05-25 12:15:54 - Action URL: https://www.poojaessentials.com/index.php
2017-05-25 12:15:54 - Step 1: Redirecting to extension/payment/instamojo/start
2017-05-25 12:15:56 - Step 2: Creating new Order with 75
2017-05-25 12:15:56 - Client Id: Eoxk | Client Secret: 0Q8F | TestMode : 0
2017-05-25 12:15:57 - Data Passed for creating Order : Array
(
    [name] => HARIPRASAD SRINIVASA
    [email] => hariprasads2004@gmail.com
    [phone] => 9944126667
    [amount] => 18
    [currency] => INR
    [redirect_url] => https://www.poojaessentials.com/index.php?route=extension/payment/instamojo/confirm
    [transaction_id] => 1495714556-75
)

2017-05-25 12:15:59 - Response from ServerstdClass Object
(
    [order] => stdClass Object
        (
            [id] => d1cb30cc755f479d89669c28994318cc
            [transaction_id] => 1495714556-75
            [status] => pending
            [currency] => INR
            [amount] => 18.00
            [name] => HARIPRASAD SRINIVASA
            [email] => hariprasads2004@gmail.com
            [phone] => +919944126667
            [description] => Instapay
            [redirect_url] => https://www.poojaessentials.com/index.php?route=extension/payment/instamojo/confirm
            [webhook_url] => 
            [created_at] => 2017-05-25T12:15:58.734366Z
            [resource_uri] => https://www.instamojo.com/v2/gateway/orders/id:d1cb30cc755f479d89669c28994318cc/
        )

    [payment_options] => stdClass Object
        (
            [payment_url] => https://www.instamojo.com/@Poojaessentials/d1cb30cc755f479d89669c28994318cc?embed=form
        )

)

2017-05-25 12:16:55 - Callback called with payment ID: MOJO7525005A28191156 and payment request ID : d1cb30cc755f479d89669c28994318cc 
2017-05-25 12:16:55 - Client Id: Eoxk | Client Secret: 0Q8F | TestMode : 0
2017-05-25 12:16:57 - Response from server for PaymentRequest ID d1cb30cc755f479d89669c28994318cc 
stdClass Object
(
    [id] => d1cb30cc755f479d89669c28994318cc
    [transaction_id] => 1495714556-75
    [status] => completed
    [currency] => INR
    [amount] => 18.00
    [name] => HARIPRASAD SRINIVASA
    [email] => hariprasads2004@gmail.com
    [phone] => +919944126667
    [description] => Instapay
    [redirect_url] => https://www.poojaessentials.com/index.php?route=extension/payment/instamojo/confirm
    [webhook_url] => 
    [payments] => Array
        (
            [0] => stdClass Object
                (
                    [id] => MOJO7525005A28191156
                    [status] => successful
                )

        )

    [created_at] => 2017-05-25T12:15:58.734366Z
    [resource_uri] => https://www.instamojo.com/v2/gateway/orders/id:d1cb30cc755f479d89669c28994318cc/
)

2017-05-25 12:16:57 - Payment status for MOJO7525005A28191156 is successful
2017-05-25 12:16:57 - Response from server is successful.
2017-05-25 12:16:57 - Extracted order id from trasaction_id: 75
2017-05-25 12:16:57 - Payment for MOJO7525005A28191156 was credited.
2017-06-04 12:37:45 - Action URL: https://www.poojaessentials.com/index.php
2017-06-04 12:37:45 - Step 1: Redirecting to extension/payment/instamojo/start
2017-06-04 12:37:48 - Step 2: Creating new Order with 86
2017-06-04 12:37:48 - Client Id: Eoxk | Client Secret: 0Q8F | TestMode : 0
2017-06-04 12:37:49 - Data Passed for creating Order : Array
(
    [name] => HARIPRASAD SRINIVASA
    [email] => hariprasads2004@gmail.com
    [phone] => 9944126667
    [amount] => 145
    [currency] => INR
    [redirect_url] => https://www.poojaessentials.com/index.php?route=extension/payment/instamojo/confirm
    [transaction_id] => 1496579868-86
)

2017-06-04 12:37:51 - Response from ServerstdClass Object
(
    [order] => stdClass Object
        (
            [id] => 9d0c759d56ac483ea0f4ebc4c4ead165
            [transaction_id] => 1496579868-86
            [status] => pending
            [currency] => INR
            [amount] => 145.00
            [name] => HARIPRASAD SRINIVASA
            [email] => hariprasads2004@gmail.com
            [phone] => +919944126667
            [description] => Instapay
            [redirect_url] => https://www.poojaessentials.com/index.php?route=extension/payment/instamojo/confirm
            [webhook_url] => 
            [created_at] => 2017-06-04T12:37:51.163110Z
            [resource_uri] => https://www.instamojo.com/v2/gateway/orders/id:9d0c759d56ac483ea0f4ebc4c4ead165/
        )

    [payment_options] => stdClass Object
        (
            [payment_url] => https://www.instamojo.com/@Poojaessentials/9d0c759d56ac483ea0f4ebc4c4ead165?embed=form
        )

)

2017-06-05 9:36:03 - Action URL: https://www.poojaessentials.com/index.php
2017-06-05 9:36:03 - Step 1: Redirecting to extension/payment/instamojo/start
2017-06-05 9:36:07 - Step 2: Creating new Order with 87
2017-06-05 9:36:07 - Client Id: Eoxk | Client Secret: 0Q8F | TestMode : 0
2017-06-05 9:36:08 - Data Passed for creating Order : Array
(
    [name] => Pooja Essentials
    [email] => selva@creatorswebindia.com
    [phone] => 9003869201
    [amount] => 890
    [currency] => INR
    [redirect_url] => https://www.poojaessentials.com/index.php?route=extension/payment/instamojo/confirm
    [transaction_id] => 1496655367-87
)

2017-06-05 9:36:09 - Response from ServerstdClass Object
(
    [order] => stdClass Object
        (
            [id] => f101d529399a40d183ae0bf9c81f6f4c
            [transaction_id] => 1496655367-87
            [status] => pending
            [currency] => INR
            [amount] => 890.00
            [name] => Pooja Essentials
            [email] => selva@creatorswebindia.com
            [phone] => +919003869201
            [description] => Instapay
            [redirect_url] => https://www.poojaessentials.com/index.php?route=extension/payment/instamojo/confirm
            [webhook_url] => 
            [created_at] => 2017-06-05T09:36:09.723734Z
            [resource_uri] => https://www.instamojo.com/v2/gateway/orders/id:f101d529399a40d183ae0bf9c81f6f4c/
        )

    [payment_options] => stdClass Object
        (
            [payment_url] => https://www.instamojo.com/@Poojaessentials/f101d529399a40d183ae0bf9c81f6f4c?embed=form
        )

)

2017-07-23 5:31:38 - Action URL: https://www.poojaessentials.com/index.php
2017-07-23 5:31:38 - Step 1: Redirecting to extension/payment/instamojo/start
2017-07-23 5:32:22 - Action URL: https://www.poojaessentials.com/index.php
2017-07-23 5:32:22 - Step 1: Redirecting to extension/payment/instamojo/start
2017-07-23 5:32:25 - Step 2: Creating new Order with 94
2017-07-23 5:32:25 - Client Id: Eoxk | Client Secret: 0Q8F | TestMode : 0
2017-07-23 5:32:26 - Data Passed for creating Order : Array
(
    [name] => Sangeetha Bhaskaran
    [email] => sangubaski98@gmail.com
    [phone] => 9445702218
    [amount] => 632.5
    [currency] => INR
    [redirect_url] => https://www.poojaessentials.com/index.php?route=extension/payment/instamojo/confirm
    [transaction_id] => 1500787945-94
)

2017-07-23 5:32:27 - Response from ServerstdClass Object
(
    [order] => stdClass Object
        (
            [id] => df3983a4419f4e948233d1cb86576d8f
            [transaction_id] => 1500787945-94
            [status] => pending
            [currency] => INR
            [amount] => 632.50
            [name] => Sangeetha Bhaskaran
            [email] => sangubaski98@gmail.com
            [phone] => +919445702218
            [description] => Instapay
            [redirect_url] => https://www.poojaessentials.com/index.php?route=extension/payment/instamojo/confirm
            [webhook_url] => 
            [created_at] => 2017-07-23T05:32:27.382025Z
            [resource_uri] => https://www.instamojo.com/v2/gateway/orders/id:df3983a4419f4e948233d1cb86576d8f/
        )

    [payment_options] => stdClass Object
        (
            [payment_url] => https://www.instamojo.com/@Poojaessentials/df3983a4419f4e948233d1cb86576d8f?embed=form
        )

)

2017-07-24 11:13:02 - Action URL: https://www.poojaessentials.com/index.php
2017-07-24 11:13:02 - Step 1: Redirecting to extension/payment/instamojo/start
2017-10-13 14:06:58 - Action URL: http://localhost/poojaessentials/index.php
2017-10-13 14:06:58 - Step 1: Redirecting to extension/payment/instamojo/start
2017-10-13 14:08:31 - Action URL: http://localhost/poojaessentials/index.php
2017-10-13 14:08:31 - Step 1: Redirecting to extension/payment/instamojo/start
2017-10-20 8:51:17 - Action URL: http://localhost/poojaessentials/index.php
2017-10-20 8:51:17 - Step 1: Redirecting to extension/payment/instamojo/start
2017-10-20 11:56:53 - Action URL: http://localhost/poojaessentials/index.php
2017-10-20 11:56:53 - Step 1: Redirecting to extension/payment/instamojo/start
2017-10-21 11:43:56 - Action URL: http://localhost/poojaessentials/index.php
2017-10-21 11:43:56 - Step 1: Redirecting to extension/payment/instamojo/start
2017-10-31 14:21:29 - Action URL: http://localhost/poojaessentials/index.php
2017-10-31 14:21:29 - Step 1: Redirecting to extension/payment/instamojo/start
2017-11-02 10:59:23 - Action URL: http://localhost/poojaessentials/index.php
2017-11-02 10:59:23 - Step 1: Redirecting to extension/payment/instamojo/start
2017-11-02 11:06:55 - Action URL: http://localhost/poojaessentials/index.php
2017-11-02 11:06:55 - Step 1: Redirecting to extension/payment/instamojo/start
